DealplayNewStructure/Library/Bee/Android/Prj/IL2CPP/Gradle/launcher/build/intermediates/manifest_merge_blame_file/release/manifest-merger-blame-release-report.txt
1<?xml version="1.0" encoding="utf-8"?>
2<manifest xmlns:android="http://schemas.android.com/apk/res/android"
3    package="com.Dealplay.Dealplay"
4    android:installLocation="preferExternal"
5    android:versionCode="9"
6    android:versionName="1.0" >
7
8    <uses-sdk
9        android:minSdkVersion="27"
9-->src\main\AndroidManifest.xml
10        android:targetSdkVersion="30" />
10-->src\main\AndroidManifest.xml
11
12    <supports-screens
12-->src\main\AndroidManifest.xml:3:3-163
13        android:anyDensity="true"
13-->src\main\AndroidManifest.xml:3:135-160
14        android:largeScreens="true"
14-->src\main\AndroidManifest.xml:3:78-105
15        android:normalScreens="true"
15-->src\main\AndroidManifest.xml:3:49-77
16        android:smallScreens="true"
16-->src\main\AndroidManifest.xml:3:21-48
17        android:xlargeScreens="true" />
17-->src\main\AndroidManifest.xml:3:106-134
18
19    <uses-feature android:glEsVersion="0x00030000" />
19-->[:unityLibrary] AndroidManifest.xml:12:5-54
19-->[:unityLibrary] AndroidManifest.xml:12:19-51
20
21    <uses-permission android:name="android.permission.INTERNET" />
21-->[:unityLibrary] AndroidManifest.xml:14:5-67
21-->[:unityLibrary] AndroidManifest.xml:14:22-64
22    <uses-permission android:name="android.permission.ACCESS_NETWORK_STATE" />
22-->[:unityLibrary] AndroidManifest.xml:15:5-79
22-->[:unityLibrary] AndroidManifest.xml:15:22-76
23    <uses-permission android:name="android.permission.RECORD_AUDIO" />
23-->[:unityLibrary] AndroidManifest.xml:16:5-71
23-->[:unityLibrary] AndroidManifest.xml:16:22-68
24    <uses-permission android:name="android.permission.MODIFY_AUDIO_SETTINGS" />
24-->[:unityLibrary] AndroidManifest.xml:17:5-80
24-->[:unityLibrary] AndroidManifest.xml:17:22-77
25    <uses-permission android:name="android.permission.BLUETOOTH" />
25-->[:unityLibrary] AndroidManifest.xml:18:5-68
25-->[:unityLibrary] AndroidManifest.xml:18:22-65
26
27    <uses-feature
27-->[:unityLibrary] AndroidManifest.xml:20:5-22:36
28        android:name="android.hardware.microphone"
28-->[:unityLibrary] AndroidManifest.xml:21:9-51
29        android:required="false" />
29-->[:unityLibrary] AndroidManifest.xml:22:9-33
30    <uses-feature
30-->[:unityLibrary] AndroidManifest.xml:23:5-25:36
31        android:name="android.hardware.touchscreen"
31-->[:unityLibrary] AndroidManifest.xml:24:9-52
32        android:required="false" />
32-->[:unityLibrary] AndroidManifest.xml:25:9-33
33    <uses-feature
33-->[:unityLibrary] AndroidManifest.xml:26:5-28:36
34        android:name="android.hardware.touchscreen.multitouch"
34-->[:unityLibrary] AndroidManifest.xml:27:9-63
35        android:required="false" />
35-->[:unityLibrary] AndroidManifest.xml:28:9-33
36    <uses-feature
36-->[:unityLibrary] AndroidManifest.xml:29:5-31:36
37        android:name="android.hardware.touchscreen.multitouch.distinct"
37-->[:unityLibrary] AndroidManifest.xml:30:9-72
38        android:required="false" />
38-->[:unityLibrary] AndroidManifest.xml:31:9-33
39
40    <uses-permission android:name="android.permission.CAMERA" />
40-->[:unityLibrary] AndroidManifest.xml:33:5-65
40-->[:unityLibrary] AndroidManifest.xml:33:22-62
41
42    <uses-feature android:name="android.hardware.camera" />
42-->[:unityLibrary] AndroidManifest.xml:35:5-60
42-->[:unityLibrary] AndroidManifest.xml:35:19-57
43
44    <uses-permission android:name="android.permission.MICROPHONE" />
44-->[:unityLibrary] AndroidManifest.xml:37:5-69
44-->[:unityLibrary] AndroidManifest.xml:37:22-66
45    <uses-permission android:name="android.permission.READ_EXTERNAL_STORAGE" />
45-->[:unityLibrary] AndroidManifest.xml:38:5-80
45-->[:unityLibrary] AndroidManifest.xml:38:22-77
46    <uses-permission android:name="android.permission.Write_EXTERNAL_STORAGE" />
46-->[:unityLibrary] AndroidManifest.xml:39:5-81
46-->[:unityLibrary] AndroidManifest.xml:39:22-78
47    <uses-permission android:name="android.permission.WRITE_SETTINGS" />
47-->[:unityLibrary] AndroidManifest.xml:40:5-73
47-->[:unityLibrary] AndroidManifest.xml:40:22-70
48
49    <application
49-->src\main\AndroidManifest.xml:4:3-83
50        android:extractNativeLibs="true"
50-->[:unityLibrary] AndroidManifest.xml:43:9-41
51        android:icon="@mipmap/app_icon"
51-->src\main\AndroidManifest.xml:4:49-80
52        android:label="@string/app_name"
52-->src\main\AndroidManifest.xml:4:16-48
53        android:requestLegacyExternalStorage="true" >
53-->[:unityLibrary] AndroidManifest.xml:44:9-52
54        <activity
54-->[:unityLibrary] AndroidManifest.xml:45:9-66:20
55            android:name="com.unity3d.player.UnityPlayerActivity"
55-->[:unityLibrary] AndroidManifest.xml:46:13-66
56            android:configChanges="mcc|mnc|locale|touchscreen|keyboard|keyboardHidden|navigation|orientation|screenLayout|uiMode|screenSize|smallestScreenSize|fontScale|layoutDirection|density"
56-->[:unityLibrary] AndroidManifest.xml:47:13-194
57            android:hardwareAccelerated="True"
57-->[:unityLibrary] AndroidManifest.xml:48:13-47
58            android:launchMode="singleTask"
58-->[:unityLibrary] AndroidManifest.xml:49:13-44
59            android:resizeableActivity="false"
59-->[:unityLibrary] AndroidManifest.xml:50:13-47
60            android:screenOrientation="landscape"
60-->[:unityLibrary] AndroidManifest.xml:51:13-50
61            android:theme="@style/UnityThemeSelector"
61-->[:unityLibrary] AndroidManifest.xml:52:13-54
62            android:usesCleartextTraffic="True" >
62-->[:unityLibrary] AndroidManifest.xml:53:13-48
63            <intent-filter>
63-->[:unityLibrary] AndroidManifest.xml:54:13-58:29
64                <action android:name="android.intent.action.MAIN" />
64-->[:unityLibrary] AndroidManifest.xml:55:17-69
64-->[:unityLibrary] AndroidManifest.xml:55:25-66
65
66                <category android:name="android.intent.category.LAUNCHER" />
66-->[:unityLibrary] AndroidManifest.xml:57:17-77
66-->[:unityLibrary] AndroidManifest.xml:57:27-74
67            </intent-filter>
68
69            <meta-data
69-->[:unityLibrary] AndroidManifest.xml:60:13-62:40
70                android:name="unityplayer.UnityActivity"
70-->[:unityLibrary] AndroidManifest.xml:61:17-57
71                android:value="true" />
71-->[:unityLibrary] AndroidManifest.xml:62:17-37
72            <meta-data
72-->[:unityLibrary] AndroidManifest.xml:63:13-65:40
73                android:name="android.notch_support"
73-->[:unityLibrary] AndroidManifest.xml:64:17-53
74                android:value="true" />
74-->[:unityLibrary] AndroidManifest.xml:65:17-37
75        </activity>
76
77        <meta-data
77-->[:unityLibrary] AndroidManifest.xml:68:9-70:33
78            android:name="unity.splash-mode"
78-->[:unityLibrary] AndroidManifest.xml:69:13-45
79            android:value="0" />
79-->[:unityLibrary] AndroidManifest.xml:70:13-30
80        <meta-data
80-->[:unityLibrary] AndroidManifest.xml:71:9-73:36
81            android:name="unity.splash-enable"
81-->[:unityLibrary] AndroidManifest.xml:72:13-47
82            android:value="True" />
82-->[:unityLibrary] AndroidManifest.xml:73:13-33
83        <meta-data
83-->[:unityLibrary] AndroidManifest.xml:74:9-76:36
84            android:name="unity.launch-fullscreen"
84-->[:unityLibrary] AndroidManifest.xml:75:13-51
85            android:value="True" />
85-->[:unityLibrary] AndroidManifest.xml:76:13-33
86        <meta-data
86-->[:unityLibrary] AndroidManifest.xml:77:9-79:37
87            android:name="unity.allow-resizable-window"
87-->[:unityLibrary] AndroidManifest.xml:78:13-56
88            android:value="False" />
88-->[:unityLibrary] AndroidManifest.xml:79:13-34
89        <meta-data
89-->[:unityLibrary] AndroidManifest.xml:80:9-82:50
90            android:name="notch.config"
90-->[:unityLibrary] AndroidManifest.xml:81:13-40
91            android:value="portrait|landscape" />
91-->[:unityLibrary] AndroidManifest.xml:82:13-47
92        <meta-data
92-->[:unityLibrary] AndroidManifest.xml:83:9-85:34
93            android:name="pvr.app.type"
93-->[:unityLibrary] AndroidManifest.xml:84:13-40
94            android:value="vr" />
94-->[:unityLibrary] AndroidManifest.xml:85:13-31
95        <meta-data
95-->[:unityLibrary] AndroidManifest.xml:86:9-88:51
96            android:name="pvr.sdk.version"
96-->[:unityLibrary] AndroidManifest.xml:87:13-43
97            android:value="XR Platform_2.1.1.3" />
97-->[:unityLibrary] AndroidManifest.xml:88:13-48
98        <meta-data
98-->[:unityLibrary] AndroidManifest.xml:89:9-91:33
99            android:name="enable_cpt"
99-->[:unityLibrary] AndroidManifest.xml:90:13-38
100            android:value="0" />
100-->[:unityLibrary] AndroidManifest.xml:91:13-30
101        <meta-data
101-->[:unityLibrary] AndroidManifest.xml:92:9-94:33
102            android:name="enable_entitlementcheck"
102-->[:unityLibrary] AndroidManifest.xml:93:13-51
103            android:value="0" />
103-->[:unityLibrary] AndroidManifest.xml:94:13-30
104        <meta-data
104-->[:unityLibrary] AndroidManifest.xml:95:9-97:33
105            android:name="handtracking"
105-->[:unityLibrary] AndroidManifest.xml:96:13-40
106            android:value="0" />
106-->[:unityLibrary] AndroidManifest.xml:97:13-30
107        <meta-data
107-->[:unityLibrary] AndroidManifest.xml:98:9-100:33
108            android:name="rendering_mode"
108-->[:unityLibrary] AndroidManifest.xml:99:13-42
109            android:value="0" />
109-->[:unityLibrary] AndroidManifest.xml:100:13-30
110        <meta-data
110-->[:unityLibrary] AndroidManifest.xml:101:9-103:33
111            android:name="display_rate"
111-->[:unityLibrary] AndroidManifest.xml:102:13-40
112            android:value="0" />
112-->[:unityLibrary] AndroidManifest.xml:103:13-30
113        <meta-data
113-->[:unityLibrary] AndroidManifest.xml:104:9-106:33
114            android:name="color_Space"
114-->[:unityLibrary] AndroidManifest.xml:105:13-39
115            android:value="1" />
115-->[:unityLibrary] AndroidManifest.xml:106:13-30
116    </application>
117
118</manifest>